{"E:\\Work\\actual big boy gamer work\\LAP2\\Project\\Main\\LAP2-Project\\api\\controllers\\items.js": {"path":"E:\\Work\\actual big boy gamer work\\LAP2\\Project\\Main\\LAP2-Project\\api\\controllers\\items.js","statementMap":{"0":{"start":{"line":1,"column":13},"end":{"line":1,"column":41}},"1":{"start":{"line":4,"column":4},"end":{"line":10,"column":5}},"2":{"start":{"line":5,"column":22},"end":{"line":5,"column":41}},"3":{"start":{"line":6,"column":8},"end":{"line":6,"column":46}},"4":{"start":{"line":9,"column":8},"end":{"line":9,"column":52}},"5":{"start":{"line":14,"column":4},"end":{"line":17,"column":6}},"6":{"start":{"line":21,"column":4},"end":{"line":27,"column":5}},"7":{"start":{"line":22,"column":19},"end":{"line":22,"column":42}},"8":{"start":{"line":23,"column":22},"end":{"line":23,"column":47}},"9":{"start":{"line":24,"column":8},"end":{"line":24,"column":46}},"10":{"start":{"line":26,"column":8},"end":{"line":26,"column":54}},"11":{"start":{"line":30,"column":15},"end":{"line":38,"column":1}},"12":{"start":{"line":31,"column":4},"end":{"line":37,"column":5}},"13":{"start":{"line":32,"column":21},"end":{"line":32,"column":29}},"14":{"start":{"line":33,"column":24},"end":{"line":33,"column":47}},"15":{"start":{"line":34,"column":8},"end":{"line":34,"column":47}},"16":{"start":{"line":36,"column":8},"end":{"line":36,"column":54}},"17":{"start":{"line":40,"column":4},"end":{"line":53,"column":5}},"18":{"start":{"line":41,"column":19},"end":{"line":41,"column":42}},"19":{"start":{"line":42,"column":21},"end":{"line":42,"column":29}},"20":{"start":{"line":43,"column":29},"end":{"line":43,"column":54}},"21":{"start":{"line":44,"column":8},"end":{"line":44,"column":43}},"22":{"start":{"line":45,"column":8},"end":{"line":45,"column":49}},"23":{"start":{"line":46,"column":8},"end":{"line":46,"column":53}},"24":{"start":{"line":47,"column":8},"end":{"line":47,"column":57}},"25":{"start":{"line":48,"column":8},"end":{"line":48,"column":51}},"26":{"start":{"line":49,"column":28},"end":{"line":49,"column":59}},"27":{"start":{"line":50,"column":8},"end":{"line":50,"column":42}},"28":{"start":{"line":52,"column":8},"end":{"line":52,"column":54}},"29":{"start":{"line":56,"column":4},"end":{"line":63,"column":5}},"30":{"start":{"line":57,"column":19},"end":{"line":57,"column":42}},"31":{"start":{"line":58,"column":21},"end":{"line":58,"column":46}},"32":{"start":{"line":59,"column":23},"end":{"line":59,"column":45}},"33":{"start":{"line":60,"column":8},"end":{"line":60,"column":30}},"34":{"start":{"line":62,"column":8},"end":{"line":62,"column":54}},"35":{"start":{"line":66,"column":4},"end":{"line":74,"column":5}},"36":{"start":{"line":68,"column":24},"end":{"line":68,"column":47}},"37":{"start":{"line":69,"column":26},"end":{"line":69,"column":66}},"38":{"start":{"line":71,"column":8},"end":{"line":71,"column":39}},"39":{"start":{"line":73,"column":8},"end":{"line":73,"column":56}},"40":{"start":{"line":78,"column":4},"end":{"line":85,"column":5}},"41":{"start":{"line":79,"column":19},"end":{"line":79,"column":42}},"42":{"start":{"line":80,"column":22},"end":{"line":80,"column":51}},"43":{"start":{"line":81,"column":8},"end":{"line":81,"column":46}},"44":{"start":{"line":84,"column":8},"end":{"line":84,"column":52}},"45":{"start":{"line":88,"column":0},"end":{"line":90,"column":1}}},"fnMap":{"0":{"name":"index","decl":{"start":{"line":3,"column":15},"end":{"line":3,"column":20}},"loc":{"start":{"line":3,"column":31},"end":{"line":11,"column":1}},"line":3},"1":{"name":"title","decl":{"start":{"line":13,"column":15},"end":{"line":13,"column":20}},"loc":{"start":{"line":13,"column":31},"end":{"line":18,"column":1}},"line":13},"2":{"name":"show","decl":{"start":{"line":20,"column":15},"end":{"line":20,"column":19}},"loc":{"start":{"line":20,"column":30},"end":{"line":28,"column":1}},"line":20},"3":{"name":"(anonymous_3)","decl":{"start":{"line":30,"column":15},"end":{"line":30,"column":16}},"loc":{"start":{"line":30,"column":35},"end":{"line":38,"column":1}},"line":30},"4":{"name":"update","decl":{"start":{"line":39,"column":15},"end":{"line":39,"column":21}},"loc":{"start":{"line":39,"column":32},"end":{"line":54,"column":1}},"line":39},"5":{"name":"destroy","decl":{"start":{"line":55,"column":15},"end":{"line":55,"column":22}},"loc":{"start":{"line":55,"column":33},"end":{"line":64,"column":1}},"line":55},"6":{"name":"bidExpires","decl":{"start":{"line":65,"column":15},"end":{"line":65,"column":25}},"loc":{"start":{"line":65,"column":36},"end":{"line":75,"column":1}},"line":65},"7":{"name":"showItemById","decl":{"start":{"line":77,"column":15},"end":{"line":77,"column":27}},"loc":{"start":{"line":77,"column":38},"end":{"line":86,"column":1}},"line":77}},"branchMap":{},"s":{"0":1,"1":2,"2":2,"3":1,"4":1,"5":0,"6":2,"7":2,"8":2,"9":1,"10":1,"11":1,"12":2,"13":2,"14":2,"15":1,"16":1,"17":1,"18":1,"19":1,"20":1,"21":1,"22":1,"23":1,"24":1,"25":1,"26":1,"27":1,"28":0,"29":1,"30":1,"31":1,"32":0,"33":0,"34":1,"35":0,"36":0,"37":0,"38":0,"39":0,"40":0,"41":0,"42":0,"43":0,"44":0,"45":1},"f":{"0":2,"1":0,"2":2,"3":2,"4":1,"5":1,"6":0,"7":0},"b":{},"_coverageSchema":"1a1c01bbd47fc00a2c39e90264f33305004495a9","hash":"723b76950659359cbd8bf23bd99ad2c071350222"}
,"E:\\Work\\actual big boy gamer work\\LAP2\\Project\\Main\\LAP2-Project\\api\\database\\connect_user.js": {"path":"E:\\Work\\actual big boy gamer work\\LAP2\\Project\\Main\\LAP2-Project\\api\\database\\connect_user.js","statementMap":{"0":{"start":{"line":1,"column":17},"end":{"line":1,"column":30}},"1":{"start":{"line":3,"column":11},"end":{"line":5,"column":2}},"2":{"start":{"line":7,"column":0},"end":{"line":7,"column":46}},"3":{"start":{"line":9,"column":0},"end":{"line":9,"column":20}}},"fnMap":{},"branchMap":{},"s":{"0":2,"1":2,"2":2,"3":2},"f":{},"b":{},"_coverageSchema":"1a1c01bbd47fc00a2c39e90264f33305004495a9","hash":"60eed82dd30c82a9c9eb10cf84b062b11654fe8c"}
,"E:\\Work\\actual big boy gamer work\\LAP2\\Project\\Main\\LAP2-Project\\api\\models\\Item.js": {"path":"E:\\Work\\actual big boy gamer work\\LAP2\\Project\\Main\\LAP2-Project\\api\\models\\Item.js","statementMap":{"0":{"start":{"line":1,"column":11},"end":{"line":1,"column":46}},"1":{"start":{"line":5,"column":8},"end":{"line":5,"column":31}},"2":{"start":{"line":6,"column":8},"end":{"line":6,"column":30}},"3":{"start":{"line":7,"column":8},"end":{"line":7,"column":44}},"4":{"start":{"line":8,"column":8},"end":{"line":8,"column":38}},"5":{"start":{"line":9,"column":8},"end":{"line":9,"column":36}},"6":{"start":{"line":10,"column":8},"end":{"line":10,"column":40}},"7":{"start":{"line":11,"column":8},"end":{"line":11,"column":44}},"8":{"start":{"line":12,"column":8},"end":{"line":12,"column":44}},"9":{"start":{"line":16,"column":25},"end":{"line":16,"column":219}},"10":{"start":{"line":17,"column":8},"end":{"line":19,"column":9}},"11":{"start":{"line":18,"column":12},"end":{"line":18,"column":50}},"12":{"start":{"line":20,"column":8},"end":{"line":20,"column":51}},"13":{"start":{"line":20,"column":38},"end":{"line":20,"column":49}},"14":{"start":{"line":23,"column":25},"end":{"line":23,"column":108}},"15":{"start":{"line":24,"column":8},"end":{"line":26,"column":9}},"16":{"start":{"line":25,"column":12},"end":{"line":25,"column":56}},"17":{"start":{"line":27,"column":8},"end":{"line":27,"column":31}},"18":{"start":{"line":32,"column":25},"end":{"line":32,"column":94}},"19":{"start":{"line":33,"column":8},"end":{"line":35,"column":9}},"20":{"start":{"line":34,"column":12},"end":{"line":34,"column":53}},"21":{"start":{"line":37,"column":8},"end":{"line":37,"column":42}},"22":{"start":{"line":42,"column":25},"end":{"line":42,"column":94}},"23":{"start":{"line":43,"column":8},"end":{"line":45,"column":9}},"24":{"start":{"line":44,"column":12},"end":{"line":44,"column":50}},"25":{"start":{"line":46,"column":8},"end":{"line":46,"column":51}},"26":{"start":{"line":46,"column":38},"end":{"line":46,"column":49}},"27":{"start":{"line":50,"column":25},"end":{"line":50,"column":104}},"28":{"start":{"line":51,"column":8},"end":{"line":53,"column":9}},"29":{"start":{"line":52,"column":12},"end":{"line":52,"column":50}},"30":{"start":{"line":54,"column":8},"end":{"line":54,"column":51}},"31":{"start":{"line":54,"column":38},"end":{"line":54,"column":49}},"32":{"start":{"line":58,"column":68},"end":{"line":58,"column":72}},"33":{"start":{"line":59,"column":25},"end":{"line":59,"column":251}},"34":{"start":{"line":60,"column":24},"end":{"line":60,"column":48}},"35":{"start":{"line":61,"column":20},"end":{"line":61,"column":133}},"36":{"start":{"line":63,"column":8},"end":{"line":63,"column":33}},"37":{"start":{"line":67,"column":68},"end":{"line":67,"column":72}},"38":{"start":{"line":68,"column":25},"end":{"line":69,"column":66}},"39":{"start":{"line":70,"column":8},"end":{"line":72,"column":9}},"40":{"start":{"line":71,"column":12},"end":{"line":71,"column":52}},"41":{"start":{"line":73,"column":8},"end":{"line":73,"column":42}},"42":{"start":{"line":77,"column":26},"end":{"line":77,"column":104}},"43":{"start":{"line":78,"column":25},"end":{"line":78,"column":104}},"44":{"start":{"line":79,"column":8},"end":{"line":81,"column":9}},"45":{"start":{"line":80,"column":12},"end":{"line":80,"column":69}},"46":{"start":{"line":82,"column":8},"end":{"line":84,"column":9}},"47":{"start":{"line":83,"column":12},"end":{"line":83,"column":70}},"48":{"start":{"line":85,"column":8},"end":{"line":85,"column":42}},"49":{"start":{"line":89,"column":0},"end":{"line":89,"column":22}}},"fnMap":{"0":{"name":"(anonymous_0)","decl":{"start":{"line":4,"column":4},"end":{"line":4,"column":5}},"loc":{"start":{"line":4,"column":22},"end":{"line":13,"column":5}},"line":4},"1":{"name":"(anonymous_1)","decl":{"start":{"line":15,"column":4},"end":{"line":15,"column":5}},"loc":{"start":{"line":15,"column":26},"end":{"line":21,"column":5}},"line":15},"2":{"name":"(anonymous_2)","decl":{"start":{"line":20,"column":33},"end":{"line":20,"column":34}},"loc":{"start":{"line":20,"column":38},"end":{"line":20,"column":49}},"line":20},"3":{"name":"(anonymous_3)","decl":{"start":{"line":22,"column":4},"end":{"line":22,"column":5}},"loc":{"start":{"line":22,"column":47},"end":{"line":28,"column":5}},"line":22},"4":{"name":"(anonymous_4)","decl":{"start":{"line":31,"column":4},"end":{"line":31,"column":5}},"loc":{"start":{"line":31,"column":32},"end":{"line":38,"column":5}},"line":31},"5":{"name":"(anonymous_5)","decl":{"start":{"line":41,"column":4},"end":{"line":41,"column":5}},"loc":{"start":{"line":41,"column":36},"end":{"line":47,"column":5}},"line":41},"6":{"name":"(anonymous_6)","decl":{"start":{"line":46,"column":33},"end":{"line":46,"column":34}},"loc":{"start":{"line":46,"column":38},"end":{"line":46,"column":49}},"line":46},"7":{"name":"(anonymous_7)","decl":{"start":{"line":49,"column":4},"end":{"line":49,"column":5}},"loc":{"start":{"line":49,"column":44},"end":{"line":55,"column":5}},"line":49},"8":{"name":"(anonymous_8)","decl":{"start":{"line":54,"column":33},"end":{"line":54,"column":34}},"loc":{"start":{"line":54,"column":38},"end":{"line":54,"column":49}},"line":54},"9":{"name":"(anonymous_9)","decl":{"start":{"line":57,"column":4},"end":{"line":57,"column":5}},"loc":{"start":{"line":57,"column":30},"end":{"line":64,"column":5}},"line":57},"10":{"name":"(anonymous_10)","decl":{"start":{"line":66,"column":4},"end":{"line":66,"column":5}},"loc":{"start":{"line":66,"column":38},"end":{"line":74,"column":5}},"line":66},"11":{"name":"(anonymous_11)","decl":{"start":{"line":76,"column":4},"end":{"line":76,"column":5}},"loc":{"start":{"line":76,"column":22},"end":{"line":86,"column":5}},"line":76}},"branchMap":{"0":{"loc":{"start":{"line":17,"column":8},"end":{"line":19,"column":9}},"type":"if","locations":[{"start":{"line":17,"column":8},"end":{"line":19,"column":9}},{"start":{},"end":{}}],"line":17},"1":{"loc":{"start":{"line":24,"column":8},"end":{"line":26,"column":9}},"type":"if","locations":[{"start":{"line":24,"column":8},"end":{"line":26,"column":9}},{"start":{},"end":{}}],"line":24},"2":{"loc":{"start":{"line":33,"column":8},"end":{"line":35,"column":9}},"type":"if","locations":[{"start":{"line":33,"column":8},"end":{"line":35,"column":9}},{"start":{},"end":{}}],"line":33},"3":{"loc":{"start":{"line":43,"column":8},"end":{"line":45,"column":9}},"type":"if","locations":[{"start":{"line":43,"column":8},"end":{"line":45,"column":9}},{"start":{},"end":{}}],"line":43},"4":{"loc":{"start":{"line":51,"column":8},"end":{"line":53,"column":9}},"type":"if","locations":[{"start":{"line":51,"column":8},"end":{"line":53,"column":9}},{"start":{},"end":{}}],"line":51},"5":{"loc":{"start":{"line":70,"column":8},"end":{"line":72,"column":9}},"type":"if","locations":[{"start":{"line":70,"column":8},"end":{"line":72,"column":9}},{"start":{},"end":{}}],"line":70},"6":{"loc":{"start":{"line":79,"column":8},"end":{"line":81,"column":9}},"type":"if","locations":[{"start":{"line":79,"column":8},"end":{"line":81,"column":9}},{"start":{},"end":{}}],"line":79},"7":{"loc":{"start":{"line":82,"column":8},"end":{"line":84,"column":9}},"type":"if","locations":[{"start":{"line":82,"column":8},"end":{"line":84,"column":9}},{"start":{},"end":{}}],"line":82}},"s":{"0":2,"1":11,"2":11,"3":11,"4":11,"5":11,"6":11,"7":11,"8":11,"9":2,"10":2,"11":1,"12":1,"13":3,"14":0,"15":0,"16":0,"17":0,"18":2,"19":1,"20":0,"21":1,"22":0,"23":0,"24":0,"25":0,"26":0,"27":2,"28":1,"29":0,"30":1,"31":1,"32":2,"33":2,"34":1,"35":1,"36":0,"37":1,"38":1,"39":0,"40":0,"41":0,"42":2,"43":2,"44":0,"45":0,"46":0,"47":0,"48":0,"49":2},"f":{"0":11,"1":2,"2":3,"3":0,"4":2,"5":0,"6":0,"7":2,"8":1,"9":2,"10":1,"11":2},"b":{"0":[1,1],"1":[0,0],"2":[0,1],"3":[0,0],"4":[0,1],"5":[0,0],"6":[0,0],"7":[0,0]},"_coverageSchema":"1a1c01bbd47fc00a2c39e90264f33305004495a9","hash":"55981e72c19bfdd51987fe287d60fb2d2027748d"}
}
