{"E:\\Work\\actual big boy gamer work\\LAP2\\Project\\LAP2-Project\\api\\controllers\\items.js": {"path":"E:\\Work\\actual big boy gamer work\\LAP2\\Project\\LAP2-Project\\api\\controllers\\items.js","statementMap":{"0":{"start":{"line":1,"column":13},"end":{"line":1,"column":41}},"1":{"start":{"line":4,"column":4},"end":{"line":10,"column":5}},"2":{"start":{"line":5,"column":22},"end":{"line":5,"column":41}},"3":{"start":{"line":6,"column":8},"end":{"line":6,"column":46}},"4":{"start":{"line":9,"column":8},"end":{"line":9,"column":52}},"5":{"start":{"line":14,"column":4},"end":{"line":17,"column":6}},"6":{"start":{"line":21,"column":4},"end":{"line":27,"column":5}},"7":{"start":{"line":22,"column":19},"end":{"line":22,"column":42}},"8":{"start":{"line":23,"column":22},"end":{"line":23,"column":47}},"9":{"start":{"line":24,"column":8},"end":{"line":24,"column":46}},"10":{"start":{"line":26,"column":8},"end":{"line":26,"column":54}},"11":{"start":{"line":30,"column":15},"end":{"line":38,"column":1}},"12":{"start":{"line":31,"column":4},"end":{"line":37,"column":5}},"13":{"start":{"line":32,"column":21},"end":{"line":32,"column":29}},"14":{"start":{"line":33,"column":24},"end":{"line":33,"column":47}},"15":{"start":{"line":34,"column":8},"end":{"line":34,"column":47}},"16":{"start":{"line":36,"column":8},"end":{"line":36,"column":54}},"17":{"start":{"line":44,"column":4},"end":{"line":57,"column":5}},"18":{"start":{"line":45,"column":19},"end":{"line":45,"column":42}},"19":{"start":{"line":46,"column":21},"end":{"line":46,"column":29}},"20":{"start":{"line":47,"column":29},"end":{"line":47,"column":54}},"21":{"start":{"line":48,"column":8},"end":{"line":48,"column":43}},"22":{"start":{"line":49,"column":8},"end":{"line":49,"column":49}},"23":{"start":{"line":50,"column":8},"end":{"line":50,"column":53}},"24":{"start":{"line":51,"column":8},"end":{"line":51,"column":57}},"25":{"start":{"line":52,"column":8},"end":{"line":52,"column":51}},"26":{"start":{"line":53,"column":28},"end":{"line":53,"column":59}},"27":{"start":{"line":54,"column":8},"end":{"line":54,"column":42}},"28":{"start":{"line":56,"column":8},"end":{"line":56,"column":54}},"29":{"start":{"line":61,"column":4},"end":{"line":68,"column":5}},"30":{"start":{"line":62,"column":19},"end":{"line":62,"column":42}},"31":{"start":{"line":63,"column":21},"end":{"line":63,"column":46}},"32":{"start":{"line":64,"column":23},"end":{"line":64,"column":45}},"33":{"start":{"line":65,"column":8},"end":{"line":65,"column":30}},"34":{"start":{"line":67,"column":8},"end":{"line":67,"column":54}},"35":{"start":{"line":71,"column":0},"end":{"line":73,"column":1}}},"fnMap":{"0":{"name":"index","decl":{"start":{"line":3,"column":15},"end":{"line":3,"column":20}},"loc":{"start":{"line":3,"column":31},"end":{"line":11,"column":1}},"line":3},"1":{"name":"title","decl":{"start":{"line":13,"column":15},"end":{"line":13,"column":20}},"loc":{"start":{"line":13,"column":31},"end":{"line":18,"column":1}},"line":13},"2":{"name":"show","decl":{"start":{"line":20,"column":15},"end":{"line":20,"column":19}},"loc":{"start":{"line":20,"column":30},"end":{"line":28,"column":1}},"line":20},"3":{"name":"(anonymous_3)","decl":{"start":{"line":30,"column":15},"end":{"line":30,"column":16}},"loc":{"start":{"line":30,"column":35},"end":{"line":38,"column":1}},"line":30},"4":{"name":"update","decl":{"start":{"line":43,"column":15},"end":{"line":43,"column":21}},"loc":{"start":{"line":43,"column":32},"end":{"line":58,"column":1}},"line":43},"5":{"name":"destroy","decl":{"start":{"line":60,"column":15},"end":{"line":60,"column":22}},"loc":{"start":{"line":60,"column":33},"end":{"line":69,"column":1}},"line":60}},"branchMap":{},"s":{"0":1,"1":2,"2":2,"3":1,"4":1,"5":0,"6":2,"7":2,"8":2,"9":1,"10":1,"11":1,"12":2,"13":2,"14":2,"15":1,"16":1,"17":1,"18":1,"19":1,"20":1,"21":1,"22":1,"23":1,"24":1,"25":1,"26":1,"27":1,"28":0,"29":1,"30":1,"31":1,"32":0,"33":0,"34":1,"35":1},"f":{"0":2,"1":0,"2":2,"3":2,"4":1,"5":1},"b":{},"_coverageSchema":"1a1c01bbd47fc00a2c39e90264f33305004495a9","hash":"5e1d76916dc7e200007131c9275aece845bbb057"}
,"E:\\Work\\actual big boy gamer work\\LAP2\\Project\\LAP2-Project\\api\\database\\connect_user.js": {"path":"E:\\Work\\actual big boy gamer work\\LAP2\\Project\\LAP2-Project\\api\\database\\connect_user.js","statementMap":{"0":{"start":{"line":1,"column":17},"end":{"line":1,"column":30}},"1":{"start":{"line":3,"column":11},"end":{"line":5,"column":2}},"2":{"start":{"line":7,"column":0},"end":{"line":7,"column":46}},"3":{"start":{"line":9,"column":0},"end":{"line":9,"column":20}}},"fnMap":{},"branchMap":{},"s":{"0":2,"1":2,"2":2,"3":2},"f":{},"b":{},"_coverageSchema":"1a1c01bbd47fc00a2c39e90264f33305004495a9","hash":"0fd5b8a1896a545bf3961c0ca9fb5831dffd5714"}
,"E:\\Work\\actual big boy gamer work\\LAP2\\Project\\LAP2-Project\\api\\models\\Item.js": {"path":"E:\\Work\\actual big boy gamer work\\LAP2\\Project\\LAP2-Project\\api\\models\\Item.js","statementMap":{"0":{"start":{"line":1,"column":11},"end":{"line":1,"column":46}},"1":{"start":{"line":6,"column":8},"end":{"line":6,"column":31}},"2":{"start":{"line":7,"column":8},"end":{"line":7,"column":30}},"3":{"start":{"line":8,"column":8},"end":{"line":8,"column":44}},"4":{"start":{"line":9,"column":8},"end":{"line":9,"column":38}},"5":{"start":{"line":10,"column":8},"end":{"line":10,"column":36}},"6":{"start":{"line":11,"column":8},"end":{"line":11,"column":40}},"7":{"start":{"line":12,"column":8},"end":{"line":12,"column":44}},"8":{"start":{"line":16,"column":25},"end":{"line":16,"column":219}},"9":{"start":{"line":17,"column":8},"end":{"line":19,"column":9}},"10":{"start":{"line":18,"column":12},"end":{"line":18,"column":50}},"11":{"start":{"line":20,"column":8},"end":{"line":20,"column":51}},"12":{"start":{"line":20,"column":38},"end":{"line":20,"column":49}},"13":{"start":{"line":25,"column":25},"end":{"line":25,"column":94}},"14":{"start":{"line":26,"column":8},"end":{"line":28,"column":9}},"15":{"start":{"line":27,"column":12},"end":{"line":27,"column":53}},"16":{"start":{"line":30,"column":8},"end":{"line":30,"column":42}},"17":{"start":{"line":34,"column":25},"end":{"line":34,"column":104}},"18":{"start":{"line":35,"column":8},"end":{"line":37,"column":9}},"19":{"start":{"line":36,"column":12},"end":{"line":36,"column":50}},"20":{"start":{"line":38,"column":8},"end":{"line":38,"column":51}},"21":{"start":{"line":38,"column":38},"end":{"line":38,"column":49}},"22":{"start":{"line":43,"column":71},"end":{"line":43,"column":75}},"23":{"start":{"line":44,"column":25},"end":{"line":44,"column":214}},"24":{"start":{"line":45,"column":24},"end":{"line":45,"column":48}},"25":{"start":{"line":46,"column":8},"end":{"line":46,"column":28}},"26":{"start":{"line":47,"column":20},"end":{"line":47,"column":132}},"27":{"start":{"line":48,"column":8},"end":{"line":48,"column":34}},"28":{"start":{"line":50,"column":8},"end":{"line":50,"column":33}},"29":{"start":{"line":54,"column":68},"end":{"line":54,"column":72}},"30":{"start":{"line":55,"column":25},"end":{"line":56,"column":66}},"31":{"start":{"line":57,"column":8},"end":{"line":59,"column":9}},"32":{"start":{"line":58,"column":12},"end":{"line":58,"column":52}},"33":{"start":{"line":60,"column":8},"end":{"line":60,"column":42}},"34":{"start":{"line":64,"column":25},"end":{"line":64,"column":104}},"35":{"start":{"line":65,"column":26},"end":{"line":65,"column":104}},"36":{"start":{"line":66,"column":8},"end":{"line":68,"column":9}},"37":{"start":{"line":67,"column":12},"end":{"line":67,"column":70}},"38":{"start":{"line":69,"column":8},"end":{"line":71,"column":9}},"39":{"start":{"line":70,"column":12},"end":{"line":70,"column":69}},"40":{"start":{"line":72,"column":8},"end":{"line":72,"column":42}},"41":{"start":{"line":76,"column":0},"end":{"line":76,"column":22}}},"fnMap":{"0":{"name":"(anonymous_0)","decl":{"start":{"line":5,"column":4},"end":{"line":5,"column":5}},"loc":{"start":{"line":5,"column":22},"end":{"line":13,"column":5}},"line":5},"1":{"name":"(anonymous_1)","decl":{"start":{"line":15,"column":4},"end":{"line":15,"column":5}},"loc":{"start":{"line":15,"column":26},"end":{"line":21,"column":5}},"line":15},"2":{"name":"(anonymous_2)","decl":{"start":{"line":20,"column":33},"end":{"line":20,"column":34}},"loc":{"start":{"line":20,"column":38},"end":{"line":20,"column":49}},"line":20},"3":{"name":"(anonymous_3)","decl":{"start":{"line":24,"column":4},"end":{"line":24,"column":5}},"loc":{"start":{"line":24,"column":32},"end":{"line":31,"column":5}},"line":24},"4":{"name":"(anonymous_4)","decl":{"start":{"line":33,"column":4},"end":{"line":33,"column":5}},"loc":{"start":{"line":33,"column":44},"end":{"line":39,"column":5}},"line":33},"5":{"name":"(anonymous_5)","decl":{"start":{"line":38,"column":33},"end":{"line":38,"column":34}},"loc":{"start":{"line":38,"column":38},"end":{"line":38,"column":49}},"line":38},"6":{"name":"(anonymous_6)","decl":{"start":{"line":41,"column":4},"end":{"line":41,"column":5}},"loc":{"start":{"line":41,"column":30},"end":{"line":51,"column":5}},"line":41},"7":{"name":"(anonymous_7)","decl":{"start":{"line":53,"column":4},"end":{"line":53,"column":5}},"loc":{"start":{"line":53,"column":38},"end":{"line":61,"column":5}},"line":53},"8":{"name":"(anonymous_8)","decl":{"start":{"line":63,"column":4},"end":{"line":63,"column":5}},"loc":{"start":{"line":63,"column":22},"end":{"line":73,"column":5}},"line":63}},"branchMap":{"0":{"loc":{"start":{"line":17,"column":8},"end":{"line":19,"column":9}},"type":"if","locations":[{"start":{"line":17,"column":8},"end":{"line":19,"column":9}},{"start":{},"end":{}}],"line":17},"1":{"loc":{"start":{"line":26,"column":8},"end":{"line":28,"column":9}},"type":"if","locations":[{"start":{"line":26,"column":8},"end":{"line":28,"column":9}},{"start":{},"end":{}}],"line":26},"2":{"loc":{"start":{"line":35,"column":8},"end":{"line":37,"column":9}},"type":"if","locations":[{"start":{"line":35,"column":8},"end":{"line":37,"column":9}},{"start":{},"end":{}}],"line":35},"3":{"loc":{"start":{"line":57,"column":8},"end":{"line":59,"column":9}},"type":"if","locations":[{"start":{"line":57,"column":8},"end":{"line":59,"column":9}},{"start":{},"end":{}}],"line":57},"4":{"loc":{"start":{"line":66,"column":8},"end":{"line":68,"column":9}},"type":"if","locations":[{"start":{"line":66,"column":8},"end":{"line":68,"column":9}},{"start":{},"end":{}}],"line":66},"5":{"loc":{"start":{"line":69,"column":8},"end":{"line":71,"column":9}},"type":"if","locations":[{"start":{"line":69,"column":8},"end":{"line":71,"column":9}},{"start":{},"end":{}}],"line":69}},"s":{"0":2,"1":11,"2":11,"3":11,"4":11,"5":11,"6":11,"7":11,"8":2,"9":2,"10":1,"11":1,"12":3,"13":2,"14":1,"15":0,"16":1,"17":2,"18":1,"19":0,"20":1,"21":1,"22":2,"23":2,"24":1,"25":1,"26":1,"27":0,"28":0,"29":1,"30":1,"31":0,"32":0,"33":0,"34":2,"35":2,"36":0,"37":0,"38":0,"39":0,"40":0,"41":2},"f":{"0":11,"1":2,"2":3,"3":2,"4":2,"5":1,"6":2,"7":1,"8":2},"b":{"0":[1,1],"1":[0,1],"2":[0,1],"3":[0,0],"4":[0,0],"5":[0,0]},"_coverageSchema":"1a1c01bbd47fc00a2c39e90264f33305004495a9","hash":"e96e5aff56bb39c3f42912a468322281e23191b6"}
}
