TN:
SF:api\controllers\items.js
FN:3,index
FN:13,title
FN:20,show
FN:30,(anonymous_3)
FN:39,update
FN:55,destroy
FN:65,bidExpires
FN:77,showItemById
FNF:8
FNH:5
FNDA:2,index
FNDA:0,title
FNDA:2,show
FNDA:2,(anonymous_3)
FNDA:1,update
FNDA:1,destroy
FNDA:0,bidExpires
FNDA:0,showItemById
DA:1,1
DA:4,2
DA:5,2
DA:6,1
DA:9,1
DA:14,0
DA:21,2
DA:22,2
DA:23,2
DA:24,1
DA:26,1
DA:30,1
DA:31,2
DA:32,2
DA:33,2
DA:34,1
DA:36,1
DA:40,1
DA:41,1
DA:42,1
DA:43,1
DA:44,1
DA:45,1
DA:46,1
DA:47,1
DA:48,1
DA:49,1
DA:50,1
DA:52,0
DA:56,1
DA:57,1
DA:58,1
DA:59,0
DA:60,0
DA:62,1
DA:66,0
DA:68,0
DA:69,0
DA:71,0
DA:73,0
DA:78,0
DA:79,0
DA:80,0
DA:81,0
DA:84,0
DA:88,1
LF:46
LH:32
BRF:0
BRH:0
end_of_record
TN:
SF:api\database\connect_user.js
FNF:0
FNH:0
DA:1,2
DA:3,2
DA:7,2
DA:9,2
LF:4
LH:4
BRF:0
BRH:0
end_of_record
TN:
SF:api\models\Item.js
FN:4,(anonymous_0)
FN:15,(anonymous_1)
FN:20,(anonymous_2)
FN:22,(anonymous_3)
FN:31,(anonymous_4)
FN:41,(anonymous_5)
FN:46,(anonymous_6)
FN:49,(anonymous_7)
FN:54,(anonymous_8)
FN:57,(anonymous_9)
FN:66,(anonymous_10)
FN:76,(anonymous_11)
FNF:12
FNH:9
FNDA:11,(anonymous_0)
FNDA:2,(anonymous_1)
FNDA:3,(anonymous_2)
FNDA:0,(anonymous_3)
FNDA:2,(anonymous_4)
FNDA:0,(anonymous_5)
FNDA:0,(anonymous_6)
FNDA:2,(anonymous_7)
FNDA:1,(anonymous_8)
FNDA:2,(anonymous_9)
FNDA:1,(anonymous_10)
FNDA:2,(anonymous_11)
DA:1,2
DA:5,11
DA:6,11
DA:7,11
DA:8,11
DA:9,11
DA:10,11
DA:11,11
DA:12,11
DA:16,2
DA:17,2
DA:18,1
DA:20,3
DA:23,0
DA:24,0
DA:25,0
DA:27,0
DA:32,2
DA:33,1
DA:34,0
DA:37,1
DA:42,0
DA:43,0
DA:44,0
DA:46,0
DA:50,2
DA:51,1
DA:52,0
DA:54,1
DA:58,2
DA:59,2
DA:60,1
DA:61,1
DA:63,0
DA:67,1
DA:68,1
DA:70,0
DA:71,0
DA:73,0
DA:77,2
DA:78,2
DA:79,0
DA:80,0
DA:82,0
DA:83,0
DA:85,0
DA:89,2
LF:47
LH:28
BRDA:17,0,0,1
BRDA:17,0,1,1
BRDA:24,1,0,0
BRDA:24,1,1,0
BRDA:33,2,0,0
BRDA:33,2,1,1
BRDA:43,3,0,0
BRDA:43,3,1,0
BRDA:51,4,0,0
BRDA:51,4,1,1
BRDA:70,5,0,0
BRDA:70,5,1,0
BRDA:79,6,0,0
BRDA:79,6,1,0
BRDA:82,7,0,0
BRDA:82,7,1,0
BRF:16
BRH:4
end_of_record
