TN:
SF:api\controllers\items.js
FN:3,index
FN:13,title
FN:20,show
FN:30,(anonymous_3)
FN:43,update
FN:60,destroy
FNF:6
FNH:4
FNDA:2,index
FNDA:0,title
FNDA:2,show
FNDA:2,(anonymous_3)
FNDA:2,update
FNDA:0,destroy
DA:1,1
DA:4,2
DA:5,2
DA:6,1
DA:9,1
DA:14,0
DA:21,2
DA:22,2
DA:23,2
DA:24,1
DA:26,1
DA:30,1
DA:31,2
DA:32,2
DA:33,2
DA:34,1
DA:36,1
DA:44,2
DA:45,2
DA:46,0
DA:47,0
DA:48,0
DA:49,0
DA:50,0
DA:51,0
DA:52,0
DA:53,0
DA:54,0
DA:56,2
DA:61,0
DA:62,0
DA:63,0
DA:64,0
DA:65,0
DA:67,0
DA:71,1
LF:36
LH:20
BRF:0
BRH:0
end_of_record
TN:
SF:api\database\connect_user.js
FNF:0
FNH:0
DA:1,2
DA:3,2
DA:7,2
DA:9,2
LF:4
LH:4
BRF:0
BRH:0
end_of_record
TN:
SF:api\models\Item.js
FN:6,(anonymous_0)
FN:15,(anonymous_1)
FN:20,(anonymous_2)
FN:24,(anonymous_3)
FN:33,(anonymous_4)
FN:38,(anonymous_5)
FN:41,(anonymous_6)
FN:48,(anonymous_7)
FN:58,(anonymous_8)
FNF:9
FNH:8
FNDA:6,(anonymous_0)
FNDA:2,(anonymous_1)
FNDA:3,(anonymous_2)
FNDA:2,(anonymous_3)
FNDA:2,(anonymous_4)
FNDA:1,(anonymous_5)
FNDA:2,(anonymous_6)
FNDA:1,(anonymous_7)
FNDA:0,(anonymous_8)
DA:1,2
DA:7,6
DA:8,6
DA:9,6
DA:10,6
DA:11,6
DA:12,6
DA:16,2
DA:17,2
DA:18,1
DA:20,3
DA:25,2
DA:26,1
DA:27,0
DA:30,1
DA:34,2
DA:35,1
DA:36,0
DA:38,1
DA:42,2
DA:44,2
DA:45,1
DA:49,1
DA:50,1
DA:52,0
DA:53,0
DA:55,0
DA:59,0
DA:60,0
DA:61,0
DA:63,0
DA:67,2
LF:32
LH:23
BRDA:17,0,0,1
BRDA:17,0,1,1
BRDA:26,1,0,0
BRDA:26,1,1,1
BRDA:35,2,0,0
BRDA:35,2,1,1
BRDA:52,3,0,0
BRDA:52,3,1,0
BRDA:60,4,0,0
BRDA:60,4,1,0
BRF:10
BRH:4
end_of_record
